This is pdfTeX, Version 3.14159265-2.6-1.40.21 (MiKTeX 20.10) (preloaded format=pdflatex 2020.10.14)  27 DEC 2020 17:33
entering extended mode
**./JakeBowhayCoursework.tex
(JakeBowhayCoursework.tex
LaTeX2e <2020-10-01> patch level 1
L3 programming layer <2020-10-05> xparse <2020-03-03>
(C:\Users\jbbow\AppData\Local\Programs\MiKTeX\tex/latex/base\article.cls
Document Class: article 2020/04/10 v1.4m Standard LaTeX document class
(C:\Users\jbbow\AppData\Local\Programs\MiKTeX\tex/latex/base\size11.clo
File: size11.clo 2020/04/10 v1.4m Standard LaTeX file (size option)
)
\c@part=\count175
\c@section=\count176
\c@subsection=\count177
\c@subsubsection=\count178
\c@paragraph=\count179
\c@subparagraph=\count180
\c@figure=\count181
\c@table=\count182
\abovecaptionskip=\skip47
\belowcaptionskip=\skip48
\bibindent=\dimen138
)
(settings.tex
(C:\Users\jbbow\AppData\Local\Programs\MiKTeX\tex/latex/titlesec\titlesec.sty
Package: titlesec 2019/10/16 v2.13 Sectioning titles
\ttl@box=\box47
\beforetitleunit=\skip49
\aftertitleunit=\skip50
\ttl@plus=\dimen139
\ttl@minus=\dimen140
\ttl@toksa=\toks15
\titlewidth=\dimen141
\titlewidthlast=\dimen142
\titlewidthfirst=\dimen143
)
(C:\Users\jbbow\AppData\Local\Programs\MiKTeX\tex/latex/graphics\graphicx.sty
Package: graphicx 2020/09/09 v1.2b Enhanced LaTeX Graphics (DPC,SPQR)

(C:\Users\jbbow\AppData\Local\Programs\MiKTeX\tex/latex/graphics\keyval.sty
Package: keyval 2014/10/28 v1.15 key=value parser (DPC)
\KV@toks@=\toks16
)
(C:\Users\jbbow\AppData\Local\Programs\MiKTeX\tex/latex/graphics\graphics.sty
Package: graphics 2020/08/30 v1.4c Standard LaTeX Graphics (DPC,SPQR)

(C:\Users\jbbow\AppData\Local\Programs\MiKTeX\tex/latex/graphics\trig.sty
Package: trig 2016/01/03 v1.10 sin cos tan (DPC)
)
(C:\Users\jbbow\AppData\Local\Programs\MiKTeX\tex/latex/graphics-cfg\graphics.c
fg
File: graphics.cfg 2016/06/04 v1.11 sample graphics configuration
)
Package graphics Info: Driver file: pdftex.def on input line 105.

(C:\Users\jbbow\AppData\Local\Programs\MiKTeX\tex/latex/graphics-def\pdftex.def
File: pdftex.def 2020/10/05 v1.2a Graphics/color driver for pdftex
))
\Gin@req@height=\dimen144
\Gin@req@width=\dimen145
)
(C:\Users\jbbow\AppData\Local\Programs\MiKTeX\tex/latex/amsfonts\amsfonts.sty
Package: amsfonts 2013/01/14 v3.01 Basic AMSFonts support
\@emptytoks=\toks17
\symAMSa=\mathgroup4
\symAMSb=\mathgroup5
LaTeX Font Info:    Redeclaring math symbol \hbar on input line 98.
LaTeX Font Info:    Overwriting math alphabet `\mathfrak' in version `bold'
(Font)                  U/euf/m/n --> U/euf/b/n on input line 106.
)
(C:\Users\jbbow\AppData\Local\Programs\MiKTeX\tex/latex/amsfonts\amssymb.sty
Package: amssymb 2013/01/14 v3.01 AMS font symbols
)
(C:\Users\jbbow\AppData\Local\Programs\MiKTeX\tex/latex/amsmath\amsmath.sty
Package: amsmath 2020/09/23 v2.17i AMS math features
\@mathmargin=\skip51

For additional information on amsmath, use the `?' option.
(C:\Users\jbbow\AppData\Local\Programs\MiKTeX\tex/latex/amsmath\amstext.sty
Package: amstext 2000/06/29 v2.01 AMS text

(C:\Users\jbbow\AppData\Local\Programs\MiKTeX\tex/latex/amsmath\amsgen.sty
File: amsgen.sty 1999/11/30 v2.0 generic functions
\@emptytoks=\toks18
\ex@=\dimen146
))
(C:\Users\jbbow\AppData\Local\Programs\MiKTeX\tex/latex/amsmath\amsbsy.sty
Package: amsbsy 1999/11/29 v1.2d Bold Symbols
\pmbraise@=\dimen147
)
(C:\Users\jbbow\AppData\Local\Programs\MiKTeX\tex/latex/amsmath\amsopn.sty
Package: amsopn 2016/03/08 v2.02 operator names
)
\inf@bad=\count183
LaTeX Info: Redefining \frac on input line 234.
\uproot@=\count184
\leftroot@=\count185
LaTeX Info: Redefining \overline on input line 399.
\classnum@=\count186
\DOTSCASE@=\count187
LaTeX Info: Redefining \ldots on input line 496.
LaTeX Info: Redefining \dots on input line 499.
LaTeX Info: Redefining \cdots on input line 620.
\Mathstrutbox@=\box48
\strutbox@=\box49
\big@size=\dimen148
LaTeX Font Info:    Redeclaring font encoding OML on input line 743.
LaTeX Font Info:    Redeclaring font encoding OMS on input line 744.
\macc@depth=\count188
\c@MaxMatrixCols=\count189
\dotsspace@=\muskip16
\c@parentequation=\count190
\dspbrk@lvl=\count191
\tag@help=\toks19
\row@=\count192
\column@=\count193
\maxfields@=\count194
\andhelp@=\toks20
\eqnshift@=\dimen149
\alignsep@=\dimen150
\tagshift@=\dimen151
\tagwidth@=\dimen152
\totwidth@=\dimen153
\lineht@=\dimen154
\@envbody=\toks21
\multlinegap=\skip52
\multlinetaggap=\skip53
\mathdisplay@stack=\toks22
LaTeX Info: Redefining \[ on input line 2923.
LaTeX Info: Redefining \] on input line 2924.
)
(C:\Users\jbbow\AppData\Local\Programs\MiKTeX\tex/latex/fancyhdr\fancyhdr.sty
Package: fancyhdr 2019/01/31 v3.10 Extensive control of page headers and footer
s
\f@nch@headwidth=\skip54
\f@nch@O@elh=\skip55
\f@nch@O@erh=\skip56
\f@nch@O@olh=\skip57
\f@nch@O@orh=\skip58
\f@nch@O@elf=\skip59
\f@nch@O@erf=\skip60
\f@nch@O@olf=\skip61
\f@nch@O@orf=\skip62
)
(C:\Users\jbbow\AppData\Local\Programs\MiKTeX\tex/latex/url\url.sty
\Urlmuskip=\muskip17
Package: url 2013/09/16  ver 3.4  Verb mode for urls, etc.
)
(C:\Users\jbbow\AppData\Local\Programs\MiKTeX\tex/latex/paralist\paralist.sty
Package: paralist 2017/01/22 v2.7 Extended list environments
\pltopsep=\skip63
\plpartopsep=\skip64
\plitemsep=\skip65
\plparsep=\skip66
\pl@lab=\toks23
)
(C:\Users\jbbow\AppData\Local\Programs\MiKTeX\tex/latex/tools\verbatim.sty
Package: verbatim 2019/11/10 v1.5r LaTeX2e package for verbatim enhancements
\every@verbatim=\toks24
\verbatim@line=\toks25
\verbatim@in@stream=\read2
)
(shortlst.sty
Package: shortlst 1998/11/27 version 1.1
\runitemsep=\skip67
\shortitemwidth=\skip68
\TX@ftn=\toks26
)
(C:\Users\jbbow\AppData\Local\Programs\MiKTeX\tex/latex/siunitx\siunitx.sty
(C:\Users\jbbow\AppData\Local\Programs\MiKTeX\tex/latex/l3kernel\expl3.sty
Package: expl3 2020-10-05 L3 programming layer (loader) 

(C:\Users\jbbow\AppData\Local\Programs\MiKTeX\tex/latex/l3backend\l3backend-pdf
tex.def
File: l3backend-pdftex.def 2020-09-24 L3 backend support: PDF output (pdfTeX)
\l__kernel_color_stack_int=\count195
\l__pdf_internal_box=\box50
))
(C:\Users\jbbow\AppData\Local\Programs\MiKTeX\tex/latex/l3packages/xparse\xpars
e.sty
Package: xparse 2020-10-05 L3 Experimental document command parser

(C:\Users\jbbow\AppData\Local\Programs\MiKTeX\tex/latex/l3packages/xparse\xpars
e-generic.tex))
Package: siunitx 2020/02/25 v2.8b A comprehensive (SI) units package

(C:\Users\jbbow\AppData\Local\Programs\MiKTeX\tex/latex/tools\array.sty
Package: array 2019/08/31 v2.4l Tabular extension package (FMi)
\col@sep=\dimen155
\ar@mcellbox=\box51
\extrarowheight=\dimen156
\NC@list=\toks27
\extratabsurround=\skip69
\backup@length=\skip70
\ar@cellbox=\box52
)
(C:\Users\jbbow\AppData\Local\Programs\MiKTeX\tex/latex/l3packages/l3keys2e\l3k
eys2e.sty
Package: l3keys2e 2020-10-05 LaTeX2e option processing using LaTeX3 keys
)
\l__siunitx_tmp_box=\box53
\l__siunitx_tmp_dim=\dimen157
\l__siunitx_tmp_int=\count196
\l__siunitx_number_mantissa_length_int=\count197
\l__siunitx_number_uncert_length_int=\count198
\l__siunitx_round_int=\count199
\l__siunitx_process_decimal_int=\count266
\l__siunitx_process_uncertainty_int=\count267
\l__siunitx_process_fixed_int=\count268
\l__siunitx_process_integer_min_int=\count269
\l__siunitx_process_precision_int=\count270
\l__siunitx_group_min_int=\count271
\l__siunitx_angle_marker_box=\box54
\l__siunitx_angle_unit_box=\box55
\l__siunitx_angle_marker_dim=\dimen158
\l__siunitx_angle_unit_dim=\dimen159
\l__siunitx_unit_int=\count272
\l__siunitx_unit_denominator_int=\count273
\l__siunitx_unit_numerator_int=\count274
\l__siunitx_unit_prefix_int=\count275
\l__siunitx_unit_prefix_base_int=\count276
\l__siunitx_unit_prefix_gram_int=\count277
\l__siunitx_number_product_int=\count278
\c__siunitx_one_fill_skip=\skip71
\l__siunitx_table_unit_align_skip=\skip72
\l__siunitx_table_exponent_dim=\dimen160
\l__siunitx_table_integer_dim=\dimen161
\l__siunitx_table_mantissa_dim=\dimen162
\l__siunitx_table_marker_dim=\dimen163
\l__siunitx_table_result_dim=\dimen164
\l__siunitx_table_uncert_dim=\dimen165
\l__siunitx_table_fill_pre_dim=\dimen166
\l__siunitx_table_fill_post_dim=\dimen167
\l__siunitx_table_fill_mid_dim=\dimen168
\l__siunitx_table_pre_box=\box56
\l__siunitx_table_post_box=\box57
\l__siunitx_table_mantissa_box=\box58
\l__siunitx_table_result_box=\box59
\l__siunitx_table_number_align_skip=\skip73
\l__siunitx_table_text_align_skip=\skip74

(C:\Users\jbbow\AppData\Local\Programs\MiKTeX\tex/latex/translator\translator.s
ty
Package: translator 2020-08-03 v1.12c Easy translation of strings in LaTeX
))
(C:\Users\jbbow\AppData\Local\Programs\MiKTeX\tex/latex/listings\listings.sty
\lst@mode=\count279
\lst@gtempboxa=\box60
\lst@token=\toks28
\lst@length=\count280
\lst@currlwidth=\dimen169
\lst@column=\count281
\lst@pos=\count282
\lst@lostspace=\dimen170
\lst@width=\dimen171
\lst@newlines=\count283
\lst@lineno=\count284
\lst@maxwidth=\dimen172

(C:\Users\jbbow\AppData\Local\Programs\MiKTeX\tex/latex/listings\lstmisc.sty
File: lstmisc.sty 2020/03/24 1.8d (Carsten Heinz)
\c@lstnumber=\count285
\lst@skipnumbers=\count286
\lst@framebox=\box61
)
(C:\Users\jbbow\AppData\Local\Programs\MiKTeX\tex/latex/listings\listings.cfg
File: listings.cfg 2020/03/24 1.8d listings configuration
))
Package: listings 2020/03/24 1.8d (Carsten Heinz)
(C:\Users\jbbow\AppData\Local\Programs\MiKTeX\tex/latex/graphics\color.sty
Package: color 2020/02/24 v1.2b Standard LaTeX Color (DPC)

(C:\Users\jbbow\AppData\Local\Programs\MiKTeX\tex/latex/graphics-cfg\color.cfg
File: color.cfg 2016/01/02 v1.6 sample color configuration
)
Package color Info: Driver file: pdftex.def on input line 147.
) (C:\Users\jbbow\AppData\Local\Programs\MiKTeX\tex/latex/base\textcomp.sty
Package: textcomp 2020/02/02 v2.0n Standard LaTeX package
)
(C:\Users\jbbow\AppData\Local\Programs\MiKTeX\tex/latex/listings\lstlang1.sty
File: lstlang1.sty 2020/03/24 1.8d listings language file
)) (JakeBowhayCoursework.aux)
\openout1 = `JakeBowhayCoursework.aux'.

LaTeX Font Info:    Checking defaults for OML/cmm/m/it on input line 14.
LaTeX Font Info:    ... okay on input line 14.
LaTeX Font Info:    Checking defaults for OMS/cmsy/m/n on input line 14.
LaTeX Font Info:    ... okay on input line 14.
LaTeX Font Info:    Checking defaults for OT1/cmr/m/n on input line 14.
LaTeX Font Info:    ... okay on input line 14.
LaTeX Font Info:    Checking defaults for T1/cmr/m/n on input line 14.
LaTeX Font Info:    ... okay on input line 14.
LaTeX Font Info:    Checking defaults for TS1/cmr/m/n on input line 14.
LaTeX Font Info:    ... okay on input line 14.
LaTeX Font Info:    Checking defaults for OMX/cmex/m/n on input line 14.
LaTeX Font Info:    ... okay on input line 14.
LaTeX Font Info:    Checking defaults for U/cmr/m/n on input line 14.
LaTeX Font Info:    ... okay on input line 14.

(C:\Users\jbbow\AppData\Local\Programs\MiKTeX\tex/context/base/mkii\supp-pdf.mk
ii
[Loading MPS to PDF converter (version 2006.09.02).]
\scratchcounter=\count287
\scratchdimen=\dimen173
\scratchbox=\box62
\nofMPsegments=\count288
\nofMParguments=\count289
\everyMPshowfont=\toks29
\MPscratchCnt=\count290
\MPscratchDim=\dimen174
\MPnumerator=\count291
\makeMPintoPDFobject=\count292
\everyMPtoPDFconversion=\toks30
)
(C:\Users\jbbow\AppData\Local\Programs\MiKTeX\tex/latex/epstopdf-pkg\epstopdf-b
ase.sty
Package: epstopdf-base 2020-01-24 v2.11 Base part for package epstopdf
Package epstopdf-base Info: Redefining graphics rule for `.eps' on input line 4
85.
)
(C:\Users\jbbow\AppData\Local\Programs\MiKTeX\tex/latex/siunitx\siunitx-abbrevi
ations.cfg
File: siunitx-abbreviations.cfg 2017/11/26 v2.7k siunitx: Abbreviated units
)
(C:\Users\jbbow\AppData\Local\Programs\MiKTeX\tex/latex/translator\translator-b
asic-dictionary-English.dict
Dictionary: translator-basic-dictionary, Language: English 
)
\c@lstlisting=\count293
LaTeX Font Info:    Trying to load font information for U+msa on input line 14.


(C:\Users\jbbow\AppData\Local\Programs\MiKTeX\tex/latex/amsfonts\umsa.fd
File: umsa.fd 2013/01/14 v3.01 AMS symbols A
)
LaTeX Font Info:    Trying to load font information for U+msb on input line 14.


(C:\Users\jbbow\AppData\Local\Programs\MiKTeX\tex/latex/amsfonts\umsb.fd
File: umsb.fd 2013/01/14 v3.01 AMS symbols B
)
<images/Q1a_1.pdf, id=1, 511.9125pt x 341.275pt>
File: images/Q1a_1.pdf Graphic file (type pdf)
<use images/Q1a_1.pdf>
Package pdftex.def Info: images/Q1a_1.pdf  used on input line 31.
(pdftex.def)             Requested size: 153.57494pt x 102.38329pt.
<images/Q1a_2.pdf, id=2, 511.9125pt x 341.275pt>
File: images/Q1a_2.pdf Graphic file (type pdf)
<use images/Q1a_2.pdf>
Package pdftex.def Info: images/Q1a_2.pdf  used on input line 32.
(pdftex.def)             Requested size: 153.57494pt x 102.38329pt.
<images/Q1a_3.pdf, id=3, 511.9125pt x 341.275pt>
File: images/Q1a_3.pdf Graphic file (type pdf)
<use images/Q1a_3.pdf>
Package pdftex.def Info: images/Q1a_3.pdf  used on input line 33.
(pdftex.def)             Requested size: 153.57494pt x 102.38329pt.
<images/Q1a_4.pdf, id=4, 511.9125pt x 341.275pt>
File: images/Q1a_4.pdf Graphic file (type pdf)
<use images/Q1a_4.pdf>
Package pdftex.def Info: images/Q1a_4.pdf  used on input line 42.
(pdftex.def)             Requested size: 153.57494pt x 102.38329pt.
<images/Q1a_5.pdf, id=5, 511.9125pt x 341.275pt>
File: images/Q1a_5.pdf Graphic file (type pdf)
<use images/Q1a_5.pdf>
Package pdftex.def Info: images/Q1a_5.pdf  used on input line 43.
(pdftex.def)             Requested size: 153.57494pt x 102.38329pt.
<images/Q1a_6.pdf, id=6, 511.9125pt x 341.275pt>
File: images/Q1a_6.pdf Graphic file (type pdf)
<use images/Q1a_6.pdf>
Package pdftex.def Info: images/Q1a_6.pdf  used on input line 44.
(pdftex.def)             Requested size: 153.57494pt x 102.38329pt.

[1

{C:/Users/jbbow/AppData/Local/MiKTeX/pdftex/config/pdftex.map} <./images/Q1a_1.
pdf> <./images/Q1a_2.pdf> <./images/Q1a_3.pdf> <./images/Q1a_4.pdf> <./images/Q
1a_5.pdf> <./images/Q1a_6.pdf>] (scripts/backwardEuler.m
LaTeX Font Info:    Trying to load font information for TS1+cmtt on input line 
5.

(C:\Users\jbbow\AppData\Local\Programs\MiKTeX\tex/latex/base\ts1cmtt.fd
File: ts1cmtt.fd 2019/12/16 v2.5j Standard LaTeX font definitions
))
<images/Q1b_1.pdf, id=38, 511.9125pt x 341.275pt>
File: images/Q1b_1.pdf Graphic file (type pdf)
<use images/Q1b_1.pdf>
Package pdftex.def Info: images/Q1b_1.pdf  used on input line 65.
(pdftex.def)             Requested size: 133.9388pt x 89.2918pt.
<images/Q1b_2.pdf, id=39, 511.9125pt x 341.275pt>
File: images/Q1b_2.pdf Graphic file (type pdf)
<use images/Q1b_2.pdf>
Package pdftex.def Info: images/Q1b_2.pdf  used on input line 66.
(pdftex.def)             Requested size: 133.9388pt x 89.2918pt.
<images/Q1b_3.pdf, id=40, 511.9125pt x 341.275pt>
File: images/Q1b_3.pdf Graphic file (type pdf)
<use images/Q1b_3.pdf>
Package pdftex.def Info: images/Q1b_3.pdf  used on input line 67.
(pdftex.def)             Requested size: 133.9388pt x 89.2918pt.
<images/Q1b_4.pdf, id=41, 511.9125pt x 341.275pt>
File: images/Q1b_4.pdf Graphic file (type pdf)
<use images/Q1b_4.pdf>
Package pdftex.def Info: images/Q1b_4.pdf  used on input line 71.
(pdftex.def)             Requested size: 133.9388pt x 89.2918pt.
<images/Q1b_5.pdf, id=42, 511.9125pt x 341.275pt>
File: images/Q1b_5.pdf Graphic file (type pdf)
<use images/Q1b_5.pdf>
Package pdftex.def Info: images/Q1b_5.pdf  used on input line 72.
(pdftex.def)             Requested size: 133.9388pt x 89.2918pt.
<images/Q1b_6.pdf, id=43, 511.9125pt x 341.275pt>
File: images/Q1b_6.pdf Graphic file (type pdf)
<use images/Q1b_6.pdf>
Package pdftex.def Info: images/Q1b_6.pdf  used on input line 73.
(pdftex.def)             Requested size: 133.9388pt x 89.2918pt.

(scripts/backwardEulererror.m [2 <./images/Q1b_1.pdf> <./images/Q1b_2.pdf> <./i
mages/Q1b_3.pdf> <./images/Q1b_4.pdf> <./images/Q1b_5.pdf> <./images/Q1b_6.pdf>
])
<images/Q1bii.pdf, id=68, 511.9125pt x 341.275pt>
File: images/Q1bii.pdf Graphic file (type pdf)
<use images/Q1bii.pdf>
Package pdftex.def Info: images/Q1bii.pdf  used on input line 88.
(pdftex.def)             Requested size: 334.8436pt x 223.22691pt.
 [3 <./images/Q1bii.pdf>] (scripts/trapezoid.m)
<images/Q1c_1.pdf, id=160, 511.9125pt x 341.275pt>
File: images/Q1c_1.pdf Graphic file (type pdf)
<use images/Q1c_1.pdf>
Package pdftex.def Info: images/Q1c_1.pdf  used on input line 115.
(pdftex.def)             Requested size: 133.9388pt x 89.2918pt.
<images/Q1c_2.pdf, id=161, 511.9125pt x 341.275pt>
File: images/Q1c_2.pdf Graphic file (type pdf)
<use images/Q1c_2.pdf>
Package pdftex.def Info: images/Q1c_2.pdf  used on input line 116.
(pdftex.def)             Requested size: 133.9388pt x 89.2918pt.
<images/Q1c_3.pdf, id=162, 511.9125pt x 341.275pt>
File: images/Q1c_3.pdf Graphic file (type pdf)
<use images/Q1c_3.pdf>
Package pdftex.def Info: images/Q1c_3.pdf  used on input line 117.
(pdftex.def)             Requested size: 133.9388pt x 89.2918pt.
<images/Q1c_4.pdf, id=163, 511.9125pt x 341.275pt>
File: images/Q1c_4.pdf Graphic file (type pdf)
<use images/Q1c_4.pdf>
Package pdftex.def Info: images/Q1c_4.pdf  used on input line 120.
(pdftex.def)             Requested size: 133.9388pt x 89.2918pt.
<images/Q1c_5.pdf, id=164, 511.9125pt x 341.275pt>
File: images/Q1c_5.pdf Graphic file (type pdf)
<use images/Q1c_5.pdf>
Package pdftex.def Info: images/Q1c_5.pdf  used on input line 121.
(pdftex.def)             Requested size: 133.9388pt x 89.2918pt.
<images/Q1c_6.pdf, id=165, 511.9125pt x 341.275pt>
File: images/Q1c_6.pdf Graphic file (type pdf)
<use images/Q1c_6.pdf>
Package pdftex.def Info: images/Q1c_6.pdf  used on input line 122.
(pdftex.def)             Requested size: 133.9388pt x 89.2918pt.
 (scripts/trapezoiderror.m
[4 <./images/Q1c_1.pdf> <./images/Q1c_2.pdf> <./images/Q1c_3.pdf> <./images/Q1c
_4.pdf> <./images/Q1c_5.pdf> <./images/Q1c_6.pdf>])
<images/Q1cii.pdf, id=187, 511.9125pt x 341.275pt>
File: images/Q1cii.pdf Graphic file (type pdf)
<use images/Q1cii.pdf>
Package pdftex.def Info: images/Q1cii.pdf  used on input line 130.
(pdftex.def)             Requested size: 334.8436pt x 223.22691pt.
LaTeX Font Info:    Font shape `OT1/cmtt/bx/n' in size <12> not available
(Font)              Font shape `OT1/cmtt/m/n' tried instead on input line 140.
 (scripts/rhs_spring_v1.m)
[5 <./images/Q1cii.pdf>]
<images/Q2a.pdf, id=316, 682.55pt x 426.59375pt>
File: images/Q2a.pdf Graphic file (type pdf)
<use images/Q2a.pdf>
Package pdftex.def Info: images/Q2a.pdf  used on input line 167.
(pdftex.def)             Requested size: 401.80959pt x 251.13483pt.
 (scripts/rhs_spring_v2.m) (scripts/springEvent.m
[6 <./images/Q2a.pdf>]) (scripts/runspring.m)
<images/Q2b.pdf, id=322, 682.55pt x 426.59375pt>
File: images/Q2b.pdf Graphic file (type pdf)
<use images/Q2b.pdf>
Package pdftex.def Info: images/Q2b.pdf  used on input line 191.
(pdftex.def)             Requested size: 401.80959pt x 251.13483pt.
 [7] [8 <./images/Q2b.pdf>]
(JakeBowhayCoursework.aux) ) 
Here is how much of TeX's memory you used:
 7955 strings out of 480236
 145720 string characters out of 2880557
 822634 words of memory out of 3000000
 24372 multiletter control sequences out of 15000+200000
 546398 words of font info for 72 fonts, out of 3000000 for 9000
 1141 hyphenation exceptions out of 8191
 64i,13n,69p,357b,1882s stack positions out of 5000i,500n,10000p,200000b,50000s
 <C:\Users\jbbow\AppData\Local\MiKTeX\fonts/pk/ljfo
ur/jknappen/ec/dpi600\tctt0800.pk><C:/Users/jbbow/AppData/Local/Programs/MiKTeX
/fonts/type1/public/amsfonts/cm/cmbx10.pfb><C:/Users/jbbow/AppData/Local/Progra
ms/MiKTeX/fonts/type1/public/amsfonts/cm/cmbx12.pfb><C:/Users/jbbow/AppData/Loc
al/Programs/MiKTeX/fonts/type1/public/amsfonts/cm/cmex10.pfb><C:/Users/jbbow/Ap
pData/Local/Programs/MiKTeX/fonts/type1/public/amsfonts/cm/cmmi10.pfb><C:/Users
/jbbow/AppData/Local/Programs/MiKTeX/fonts/type1/public/amsfonts/cm/cmmi8.pfb><
C:/Users/jbbow/AppData/Local/Programs/MiKTeX/fonts/type1/public/amsfonts/cm/cmm
ib10.pfb><C:/Users/jbbow/AppData/Local/Programs/MiKTeX/fonts/type1/public/amsfo
nts/cm/cmr10.pfb><C:/Users/jbbow/AppData/Local/Programs/MiKTeX/fonts/type1/publ
ic/amsfonts/cm/cmr12.pfb><C:/Users/jbbow/AppData/Local/Programs/MiKTeX/fonts/ty
pe1/public/amsfonts/cm/cmr8.pfb><C:/Users/jbbow/AppData/Local/Programs/MiKTeX/f
onts/type1/public/amsfonts/cm/cmr9.pfb><C:/Users/jbbow/AppData/Local/Programs/M
iKTeX/fonts/type1/public/amsfonts/cm/cmsy10.pfb><C:/Users/jbbow/AppData/Local/P
rograms/MiKTeX/fonts/type1/public/amsfonts/cm/cmtt10.pfb><C:/Users/jbbow/AppDat
a/Local/Programs/MiKTeX/fonts/type1/public/amsfonts/cm/cmtt12.pfb><C:/Users/jbb
ow/AppData/Local/Programs/MiKTeX/fonts/type1/public/amsfonts/cm/cmtt8.pfb>
Output written on JakeBowhayCoursework.pdf (8 pages, 370277 bytes).
PDF statistics:
 380 PDF objects out of 1000 (max. 8388607)
 0 named destinations out of 1000 (max. 500000)
 111 words of extra memory for PDF output out of 10000 (max. 10000000)

